0:100  0:100  MemLog inited, TSC freq: 2402743220
0:100  0:000  MemLog was calibrated without ACPI PM Timer: ACPI I/O space is not enabled.
0:100  0:000  
0:100  0:000  Now is 8.10.2016,  0:27:10 (GMT)
0:100  0:000  Starting Clover revision: 3766 on INSYDE Corp. EFI
0:100  0:000  Build with: [Args: -x64 -D DISABLE_LTO -t XCODE5 | -D DISABLE_LTO -D USE_LOW_EBDA -a X64 -b RELEASE -t XCODE5 -n 9 | OS: 10.11.6 | XCODE: 7.3.1]
0:100  0:000  SelfDevicePath=PciRoot(0x0)\Pci(0x1C,0x4)\Pci(0x0,0x0)\NVMe(0x1,00-00-00-00-00-00-00-00)\HD(1,GPT,3C5F4D5B-7FDB-4CC7-A842-96955963DB2A,0x800,0x82000) @6C70DF18
0:100  0:000  SelfDirPath = \EFI\CLOVER
0:100  0:000  === [ Get Smbios ] ========================================
0:100  0:000  Total Memory Slots Count = 24
0:100  0:000  Type 17 Index = 0
0:100  0:000  Ignoring insane frequency value 0MHz
0:100  0:000  SmbiosTable.Type17->Speed = 0MHz
0:100  0:000  SmbiosTable.Type17->Size = 0MB
0:100  0:000  SmbiosTable.Type17->Bank/Device = BANK 0 ChannelA-DIMM0
0:100  0:000  SmbiosTable.Type17->Vendor = <null string>
0:100  0:000  SmbiosTable.Type17->SerialNumber = <null string>
0:100  0:000  SmbiosTable.Type17->PartNumber = <null string>
0:100  0:000  Type 17 Index = 1
0:100  0:000  Ignoring insane frequency value 0MHz
0:100  0:000  SmbiosTable.Type17->Speed = 0MHz
0:100  0:000  SmbiosTable.Type17->Size = 0MB
0:100  0:000  SmbiosTable.Type17->Bank/Device = BANK 1 ChannelA-DIMM1
0:100  0:000  SmbiosTable.Type17->Vendor = <null string>
0:100  0:000  SmbiosTable.Type17->SerialNumber = <null string>
0:100  0:000  SmbiosTable.Type17->PartNumber = <null string>
0:100  0:000  Type 17 Index = 2
0:100  0:000  SmbiosTable.Type17->Speed = 2133MHz
0:100  0:000  SmbiosTable.Type17->Size = 8192MB
0:100  0:000  SmbiosTable.Type17->Bank/Device = BANK 2 ChannelB-DIMM0
0:100  0:000  SmbiosTable.Type17->Vendor = Samsung
0:100  0:000  SmbiosTable.Type17->SerialNumber = 00000000
0:100  0:000  SmbiosTable.Type17->PartNumber = M471A1K43BB1-CRC    
0:100  0:000  Type 17 Index = 3
0:100  0:000  Ignoring insane frequency value 0MHz
0:100  0:000  SmbiosTable.Type17->Speed = 0MHz
0:100  0:000  SmbiosTable.Type17->Size = 0MB
0:100  0:000  SmbiosTable.Type17->Bank/Device = BANK 3 ChannelB-DIMM1
0:100  0:000  SmbiosTable.Type17->Vendor = <null string>
0:100  0:000  SmbiosTable.Type17->SerialNumber = <null string>
0:100  0:000  SmbiosTable.Type17->PartNumber = <null string>
0:100  0:000  Boot status=0
0:100  0:000  Running on: '80W0' with board 'Lenovo XiaoXin A'
0:100  0:000  === [ GetCPUProperties ] ==================================
0:100  0:000  CPU Vendor = 756E6547 Model=406E3
0:100  0:000  got cores from CPUID_1 = 0
0:100  0:000  The CPU supported turbo
0:100  0:000  BrandString = Intel(R) Core(TM) i5-6200U CPU @ 2.30GHz
0:100  0:000   TSC/CCC Information Leaf:
0:100  0:000    numerator     : 200
0:100  0:000    denominator   : 2
0:100  0:000   Calibrated ARTFrequency: 24027432
0:100  0:000  MSR 0xE2 before patch 7E008006
0:100  0:000  MSR 0xE2 is locked, PM patches will be turned on
0:100  0:000  MSR 0xE4              00051814
0:100  0:000  MSR 0xCE              0004043D_F1011800
0:100  0:000  non-usable FLEX_RATIO = 10000
0:100  0:000  corrected FLEX_RATIO = 0
0:100  0:000  MSR 0x1B0             00000000
0:100  0:000  FSBFrequency=104MHz DMIvalue=100000kHz
0:100  0:000  Corrected FSBFrequency=100MHz
0:100  0:000  Vendor/Model/Stepping: 0x756E6547/0x4E/0x3
0:100  0:000  Family/ExtFamily: 0x6/0x0
0:100  0:000  MaxDiv/MinDiv: 24.0/4
0:100  0:000  Turbo: 27/27/27/28
0:100  0:000  Features: 0xBFEBFBFF
0:100  0:000  Threads: 4
0:100  0:000  Cores: 2
0:100  0:000  FSB: 100 MHz
0:100  0:000  CPU: 2500 MHz
0:100  0:000  TSC: 2500 MHz
0:100  0:000  PIS: 400 MHz
0:100  0:000  === [ GetDevices ] ========================================
0:100  0:000  PCI (00|00:00.00) : 8086 1904 class=060000
0:100  0:000  PCI (00|00:02.00) : 8086 1916 class=030000
0:100  0:000   - GFX: Model=Intel HD Graphics 520 (Intel)
0:100  0:000  PCI (00|00:14.00) : 8086 9D2F class=0C0330
0:100  0:000  PCI (00|00:14.02) : 8086 9D31 class=118000
0:101  0:000  PCI (00|00:16.00) : 8086 9D3A class=078000
0:101  0:000  PCI (00|00:17.00) : 8086 282A class=010400
0:101  0:000  PCI (00|00:1C.00) : 8086 9D10 class=060400
0:101  0:000  PCI (00|01:00.00) : 10DE 134B class=030200
0:101  0:000  PCI (00|00:1C.04) : 8086 9D14 class=060400
0:101  0:000  PCI (00|02:00.00) : 144D A802 class=010802
0:101  0:000  PCI (00|00:1D.00) : 8086 9D18 class=060400
0:101  0:000  PCI (00|03:00.00) : 10EC 5229 class=FF0000
0:101  0:000  PCI (00|00:1D.01) : 8086 9D19 class=060400
0:101  0:000  PCI (00|09:00.00) : 168C 0042 class=028000
0:101  0:000   - WIFI: Vendor=Atheros
0:101  0:000  PCI (00|00:1F.00) : 8086 9D48 class=060100
0:101  0:000  PCI (00|00:1F.02) : 8086 9D21 class=058000
0:101  0:000  PCI (00|00:1F.03) : 8086 9D70 class=040300
0:101  0:000  PCI (00|00:1F.04) : 8086 9D23 class=0C0500
0:101  0:000  === [ GetDefaultSettings ] ================================
0:101  0:000  Clover load options size = 0 bytes
0:102  0:001  , Status=Success
0:102  0:000  EFI\CLOVER\config.plist loaded: Success
0:102  0:000  === [ GetListOfThemes ] ===================================
0:103  0:000  - [00]: embedded
0:104  0:000  - [00]: random
0:104  0:000  - [00]: tonymacx86
0:104  0:000  === [ GetEarlyUserSettings ] ==============================
0:104  0:000  timeout set to 5
0:104  0:000  Custom boot CUSTOM_BOOT_DISABLED (0x0)
0:104  0:000  ForceKextsToLoad: 2 requested
0:104  0:000   - [0]: System\Library\Extensions\IONetworkingFamily.kext
0:104  0:000   - [1]: System\Library\Extensions\IONVMeFamily.kext
0:104  0:000  KextsToPatch: 24 requested
0:104  0:000   - [00]: IOAHCIBlockStorage (Enable TRIM for SSD) :: patch disabled, skipped
0:104  0:000   - [01]: AppleAPIC (Skylake AppleAPIC Patch (c) Pike R. Alpha) :: BinPatch :: data len: 6
0:104  0:000   - [02]: IONVMeFamily (IONVMeFamily IONameMatch) :: PlistPatch :: data len: 29
0:104  0:000   - [03]: IONVMeFamily (IONVMeFamily Pike R. Alpha Patch#1) :: BinPatch :: data len: 16
0:104  0:000   - [04]: IONVMeFamily (IONVMeFamily Pike R. Alpha Patch#2) :: BinPatch :: data len: 16
0:104  0:000   - [05]: IONVMeFamily (IONVMeFamily Pike R. Alpha Patch#3) :: BinPatch :: data len: 16
0:104  0:000   - [06]: IONVMeFamily (IONVMeFamily Pike R. Alpha Patch#4) :: BinPatch :: data len: 16
0:104  0:000   - [07]: IONVMeFamily (IONVMeFamily Pike R. Alpha Patch#5) :: BinPatch :: data len: 16
0:104  0:000   - [08]: IONVMeFamily (IONVMeFamily Pike R. Alpha Patch#6_7) :: BinPatch :: data len: 20
0:104  0:000   - [09]: IONVMeFamily (IONVMeFamily Pike R. Alpha Patch#8) :: BinPatch :: data len: 16
0:104  0:000   - [10]: IONVMeFamily (IONVMeFamily Pike R. Alpha Patch#9_10) :: BinPatch :: data len: 44
0:104  0:000   - [11]: IONVMeFamily (IONVMeFamily Pike R. Alpha Patch#11) :: BinPatch :: data len: 16
0:104  0:000   - [12]: IONVMeFamily (IONVMeFamily Pike R. Alpha Patch#12) :: BinPatch :: data len: 16
0:104  0:000   - [13]: IONVMeFamily (IONVMeFamily Pike R. Alpha Patch#13) :: BinPatch :: data len: 16
0:104  0:000   - [14]: IONVMeFamily (IONVMeFamily Pike R. Alpha Patch#14) :: BinPatch :: data len: 16
0:104  0:000   - [15]: IONVMeFamily (IONVMeFamily Pike R. Alpha Patch#15) :: BinPatch :: data len: 16
0:104  0:000   - [16]: IONVMeFamily (IONVMeFamily Pike R. Alpha Patch#16) :: BinPatch :: data len: 16
0:104  0:000   - [17]: IONVMeFamily (IONVMeFamily Pike R. Alpha Patch#17) :: BinPatch :: data len: 16
0:104  0:000   - [18]: AppleAHCIPort (External icons patch) :: BinPatch :: data len: 8
0:104  0:000   - [19]: AppleUSBXHCIPCI (change 15 port limit to 26 in XHCI kext (100-Series-10.12)) :: BinPatch :: data len: 7
0:105  0:000   - [20]: patch without Name, skipped
0:105  0:000   - [21]: patch without Name, skipped
0:105  0:000   - [22]: patch without Name, skipped
0:105  0:000   - [23]: patch without Name, skipped
0:105  0:000  Default theme: Bluemac
0:105  0:000  ** Warning: unknown custom entry Type 'Other'
0:105  0:000  === [ LoadDrivers ] =======================================
0:105  0:000  Loading FSInject-64.efi  status=Success
0:105  0:000  Loading OsxAptioFix2Drv-64.efi  status=Success
0:106  0:000  Loading OsxFatBinaryDrv-64.efi  status=Success
0:107  0:000  Loading HFSPlus.efi  status=Success
0:107  0:000   - driver needs connecting
0:107  0:000  1 drivers needs connecting ...
0:107  0:000  PlatformDriverOverrideProtocol not found. Installing ... Success
0:107  0:000  HFS+ driver loaded
0:107  0:000  Searching for invalid DiskIo BY_DRIVER connects: not found, all ok
0:309  0:202  Dump SMC keys from NVRAM:
0:320  0:011  === [ InitScreen ] ========================================
0:320  0:000  SetMaxResolution: found best mode 0: 1920x1080
0:320  0:000   - already set
0:320  0:000  Console modes reported: 6, available modes:
0:320  0:000   - [01]: 80x25
0:320  0:000   - [02]: 80x50
0:320  0:000   - [03]: 80x25
0:320  0:000   - [04]: 240x56 (current mode)
0:320  0:000   - [05]: 100x31
0:320  0:000   - [06]: 128x40
0:320  0:000  SetScreenResolution: 1920x1080 - already set
0:320  0:000  reinit: self device path=PciRoot(0x0)\Pci(0x1C,0x4)\Pci(0x0,0x0)\NVMe(0x1,00-00-00-00-00-00-00-00)\HD(1,GPT,3C5F4D5B-7FDB-4CC7-A842-96955963DB2A,0x800,0x82000)
0:323  0:002  === [ GetMacAddress ] =====================================
0:323  0:000  === [ ScanSPD ] ===========================================
0:324  0:000  SMBus device : 8086 9D23 class=0C0500 status=Success
0:324  0:000  SMBus CmdReg: 0x3
0:324  0:000  Scanning SMBus [8086:9D23], mmio: 0xA632D004, ioport: 0x6040, hostc: 0x11
0:324  0:000  Slots to scan [8]...
0:325  0:001  === [ GetAcpiTablesList ] =================================
0:325  0:000  Get Acpi Tables List from RSDT:
0:325  0:000   - [00]: FACP  CB-01    len=268
0:325  0:000   - [01]: UEFI  CB-01    len=566
0:325  0:000   - [02]: UEFI  CB-01    len=66
0:325  0:000   - [03]: MSDM  CB-01    len=85
0:325  0:000   - [04]: SSDT  CB-01    len=19763
0:325  0:000   - [05]: DBGP  CB-01    len=52
0:325  0:000   - [06]: DBG2  CB-01    len=84
0:325  0:000   - [07]: ASF!  CB-01    len=165
0:325  0:000   - [08]: ASPT  CB-01    len=52
0:325  0:000   - [09]: BOOT  CB-01    len=40
0:325  0:000   - [10]: DBGP  CB-01    len=52
0:325  0:000   - [11]: HPET  CB-01    len=56
0:325  0:000   - [12]: LPIT  CB-01    len=148
0:325  0:000   - [13]: APIC  CB-01    len=188
0:325  0:000   - [14]: MCFG  CB-01    len=60
0:325  0:000   - [15]: SSDT  CB-01    len=410
0:325  0:000   - [16]: SSDT  CB-01    len=433
0:325  0:000   - [17]: SSDT  CB-01    len=1554
0:325  0:000   - [18]: SSDT  CB-01    len=3699
0:325  0:000   - [19]: SSDT  CB-01    len=14291
0:325  0:000   - [20]: DMAR  CB-01    len=168
0:325  0:000   - [21]: FPDT  CB-01    len=68
0:325  0:000   - [22]: BGRT  CB-01    len=56
0:325  0:000  Calibrated TSC frequency =2402743220 =2402MHz
0:325  0:000  === [ GetUserSettings ] ===================================
0:325  0:000  USB FixOwnership: yes
0:325  0:000  Dropping 2 tables:
0:325  0:000   - [00]: Drop table  signature="#MCF" (46434D23)
0:325  0:000           - set table: 46434D23,                0 to drop: no
0:325  0:000   - [01]: Drop table  signature="DMAR" (52414D44)
0:325  0:000           - set table: 52414D44,                0 to drop: yes
0:325  0:000   - final DSDT Fix mask=80000000
0:325  0:000  PatchesDSDT: 6 requested
0:325  0:000   - [00]: (change _OSI to XOSI) patch disabled, skipped
0:325  0:000   - [01]: (change EHC1 to EH01) lenToFind: 4, lenToReplace: 4
0:325  0:000   - [02]: (change EHC2 to EH02) lenToFind: 4, lenToReplace: 4
0:325  0:000   - [03]: (change HDAS to HDEF) lenToFind: 4, lenToReplace: 4
0:325  0:000   - [04]: (change HECI to IMEI) lenToFind: 4, lenToReplace: 4
0:325  0:000   - [05]: (change MEI to IMEI) lenToFind: 4, lenToReplace: 4
0:325  0:000  PluginType: 1
0:325  0:000  Using smbios.plist at path: EFI\CLOVER\smbios.plist, Status=Not Found
0:326  0:000  === [ ScanVolumes ] =======================================
0:326  0:000  Found 7 volumes with blockIO
0:326  0:000  - [00]: Volume: PciRoot(0x0)\Pci(0x1C,0x4)\Pci(0x0,0x0)\NVMe(0x1,00-00-00-00-00-00-00-00)
0:326  0:000  - [01]: Volume: PciRoot(0x0)\Pci(0x1C,0x4)\Pci(0x0,0x0)\NVMe(0x1,00-00-00-00-00-00-00-00)\HD(1,GPT,3C5F4D5B-7FDB-4CC7-A842-96955963DB2A,0x800,0x82000)
0:326  0:000          Result of bootcode detection: bootable Windows (vista,win)
0:326  0:000          This is SelfVolume !!
0:326  0:000  - [02]: Volume: PciRoot(0x0)\Pci(0x1C,0x4)\Pci(0x0,0x0)\NVMe(0x1,00-00-00-00-00-00-00-00)\HD(2,GPT,8F7C4725-F7C8-4F4F-9EF7-6911AA5D3612,0x8A800,0xC800800)
0:326  0:000          Result of bootcode detection: bootable Windows (vista,win)
0:326  0:000  - [03]: Volume: PciRoot(0x0)\Pci(0x1C,0x4)\Pci(0x0,0x0)\NVMe(0x1,00-00-00-00-00-00-00-00)\HD(3,GPT,95D12423-44D0-4AB1-879C-D364C11388D5,0xC88B000,0x9424800)
0:327  0:000          Result of bootcode detection: bootable unknown (legacy)
0:327  0:000  - [04]: Volume: PciRoot(0x0)\Pci(0x1C,0x4)\Pci(0x0,0x0)\NVMe(0x1,00-00-00-00-00-00-00-00)\HD(4,GPT,0000DEDD-73B0-3F26-9BF8-DA15BABD0100,0x15CAF800,0x7D198E0)
0:327  0:000  - [05]: Volume: PciRoot(0x0)\Pci(0x1C,0x4)\Pci(0x0,0x0)\NVMe(0x1,00-00-00-00-00-00-00-00)\HD(5,GPT,7FE84383-F740-497E-B55E-87353D56A64C,0x1D9C90E0,0x135F20)
0:327  0:000  - [06]: Volume: PciRoot(0x0)\Pci(0x1C,0x4)\Pci(0x0,0x0)\NVMe(0x1,00-00-00-00-00-00-00-00)\HD(6,GPT,ED417F0D-3A9E-41F8-B089-1655A63D2C4B,0x1DAFF000,0x1F4000)
0:327  0:000          Result of bootcode detection: bootable Windows (vista,win)
0:327  0:000  === [ InitTheme ] =========================================
0:327  0:000  GlobalConfig: theme.plist not found, get random theme tonymacx86
0:327  0:000  Using theme 'tonymacx86' (EFI\CLOVER\themes\tonymacx86)
0:329  0:001  Choosing theme tonymacx86
0:329  0:000  after NVRAM boot-args=kext-dev-mode=1 dart=0 nv_disable=1
0:329  0:000  === [ AddCustomEntries ] ==================================
0:329  0:000  Custom entry 0 skipped because it is disabled.
0:329  0:000  === [ ScanLoader ] ========================================
0:329  0:000  - [01]: 'SYSTEM_DRV'
0:329  0:000          AddLoaderEntry for Volume Name=SYSTEM_DRV
0:329  0:000      Not match custom entry 0: Type: not match
0:351  0:021  - [04]: 'Macintosh HD'
0:351  0:000          AddLoaderEntry for Volume Name=Macintosh HD
0:351  0:000      Not match custom entry 0: Type: not match
0:352  0:000          hibernated: set as never
0:371  0:019  - [05]: 'Recovery HD'
0:371  0:000          AddLoaderEntry for Volume Name=Recovery HD
0:371  0:000      Not match custom entry 0: Type: not match
0:390  0:019  - [06]: 'LRS_ESP'
0:391  0:000          AddLoaderEntry for Volume Name=LRS_ESP
0:391  0:000      Not match custom entry 0: Type: not match
0:409  0:018  === [ AddCustomLegacy ] ===================================
0:409  0:000  === [ AddCustomTool ] =====================================
0:410  0:000  found tool \EFI\CLOVER\tools\Shell64U.efi
0:410  0:000  Checking EFI partition Volume 1 for Clover
0:410  0:000   Found Clover
0:413  0:003  === [ FindDefaultEntry ] ==================================
0:413  0:000  === [ GetEfiBootDeviceFromNvram ] =========================
0:414  0:000   - efi-boot-device-data: PciRoot(0x0)\Pci(0x1C,0x4)\Pci(0x0,0x0)\SasEx(0x0100000000000000,0x000000007074616C,0x0,NoTopology,0,0,0)\HD(4,GPT,0000DEDD-73B0-3F26-9BF8-DA15BABD0100,0x15CAF800,0x7D198E0)
0:414  0:000    - Volume: 'PciRoot(0x0)\Pci(0x1C,0x4)\Pci(0x0,0x0)\SasEx(0x0100000000000000,0x000000007074616C,0x0,NoTopology,0,0,0)\HD(4,GPT,0000DEDD-73B0-3F26-9BF8-DA15BABD0100,0x15CAF800,0x7D198E0)'
0:414  0:000    - LoaderPath: '<null string>'
0:414  0:000    - Guid = 0000DEDD-73B0-3F26-9BF8-DA15BABD0100
0:414  0:000  === [ FindStartupDiskVolume ] =============================
0:414  0:000    - Volume: partition = PciRoot(0x0)\Pci(0x1C,0x4)\Pci(0x0,0x0)\SasEx(0x0100000000000000,0x000000007074616C,0x0,NoTopology,0,0,0)\HD(4,GPT,0000DEDD-73B0-3F26-9BF8-DA15BABD0100,0x15CAF800,0x7D198E0)
0:414  0:000     - searching for that partition
0:414  0:000      - [!] not found
0:414  0:000     - searching again, but comparing Media dev path nodes
0:414  0:000      - found entry 1. 'Boot Mac OS X from Macintosh HD', Volume 'Macintosh HD'
0:414  0:000  Boot redirected to Entry 1. 'Boot Mac OS X from Macintosh HD'
0:414  0:000  DefaultIndex=1 and MainMenu.EntryCount=10
0:592  0:178  GUI ready
42:274  41:681  Boot option Boot0000 not found
42:274  0:000  === [ StartLoader ] =======================================
42:274  0:000  Finally: Bus=100114kHz CPU=2403MHz
42:274  0:000  Loading bootmgfw.efi  status=Success
42:361  0:086  Closing events for Windows
42:361  0:000  OtherOS: Found Acpi 2.0 RSDP 0x7B2FE014
42:361  0:000  RSDT at 7B2CE0C4
42:361  0:000  XSDT at 7B2CE188
42:361  0:000  FADT pointer = 7B2EF000
42:361  0:000  Closing log
